<?xml version="1.0" encoding="UTF-8"?>
<!-- Generated by org.testng.reporters.JUnitReportReporter -->
<testsuite hostname="SGSLP136" failures="0" tests="1" name="testWeb.TestTestNG" time="0.007" errors="0" timestamp="2025-06-18T11:40:50 IST" skipped="0">
  <testcase classname="testWeb.TestTestNG" name="TestNGTest" time="0.007"/>
</testsuite> <!-- testWeb.TestTestNG -->
